TN:
SF:src\modules\appointments\services\CreateAppointment.ts
FN:12,CreateAppointmentService
FN:17,Object.<anonymous>.CreateAppointmentService.execute
FNF:2
FNH:2
FNDA:5,CreateAppointmentService
FNDA:7,Object.<anonymous>.CreateAppointmentService.execute
DA:1,1
DA:2,1
DA:3,1
DA:4,1
DA:5,1
DA:6,1
DA:7,1
DA:8,1
DA:9,1
DA:10,1
DA:11,1
DA:12,1
DA:13,5
DA:14,5
DA:15,5
DA:16,1
DA:17,1
DA:18,7
DA:19,7
DA:20,7
DA:21,7
DA:22,7
DA:23,7
DA:24,7
DA:25,1
DA:26,1
DA:27,1
DA:28,1
DA:29,1
DA:30,6
DA:31,7
DA:32,1
DA:33,1
DA:34,1
DA:35,1
DA:36,1
DA:37,5
DA:38,7
DA:39,2
DA:40,2
DA:41,2
DA:42,2
DA:43,2
DA:44,3
DA:45,3
DA:46,3
DA:47,3
DA:48,7
DA:49,7
DA:50,1
DA:51,1
DA:52,2
DA:53,2
DA:54,2
DA:55,2
DA:56,2
DA:57,2
DA:58,7
DA:59,7
DA:60,7
DA:61,1
DA:62,1
DA:63,1
LF:63
LH:63
BRDA:11,0,0,1
BRDA:12,1,0,5
BRDA:17,2,0,7
BRDA:24,3,0,1
BRDA:30,4,0,6
BRDA:31,5,0,1
BRDA:37,6,0,5
BRDA:38,7,0,4
BRDA:38,8,0,2
BRDA:44,9,0,3
BRDA:49,10,0,1
BRDA:52,11,0,2
BRF:12
BRH:12
end_of_record
TN:
SF:src\modules\appointments\services\ListProviderAppointments.ts
FN:14,ListProviderAppointmentsService
FN:19,Object.<anonymous>.ListProviderAppointmentsService.execute
FNF:2
FNH:2
FNDA:1,ListProviderAppointmentsService
FNDA:1,Object.<anonymous>.ListProviderAppointmentsService.execute
DA:1,1
DA:2,1
DA:3,1
DA:4,1
DA:5,1
DA:6,1
DA:7,1
DA:8,1
DA:9,1
DA:10,1
DA:11,1
DA:12,1
DA:13,1
DA:14,1
DA:15,1
DA:16,1
DA:17,1
DA:18,1
DA:19,1
DA:20,1
DA:21,1
DA:22,1
DA:23,1
DA:24,1
DA:25,1
DA:26,1
DA:27,1
DA:28,1
DA:29,1
DA:30,1
DA:31,1
LF:31
LH:31
BRDA:13,0,0,1
BRDA:14,1,0,1
BRDA:19,2,0,1
BRDA:25,3,0,1
BRF:4
BRH:4
end_of_record
TN:
SF:src\modules\appointments\services\ListProviderDayAvailability.ts
FN:19,ListProviderDayAvailabilityService
FN:24,Object.<anonymous>.ListProviderDayAvailabilityService.execute
FNF:2
FNH:2
FNDA:1,ListProviderDayAvailabilityService
FNDA:1,Object.<anonymous>.ListProviderDayAvailabilityService.execute
DA:1,1
DA:2,1
DA:3,1
DA:4,1
DA:5,1
DA:6,1
DA:7,1
DA:8,1
DA:9,1
DA:10,1
DA:11,1
DA:12,1
DA:13,1
DA:14,1
DA:15,1
DA:16,1
DA:17,1
DA:18,1
DA:19,1
DA:20,1
DA:21,1
DA:22,1
DA:23,1
DA:24,1
DA:25,1
DA:26,1
DA:27,1
DA:28,1
DA:29,1
DA:30,1
DA:31,1
DA:32,1
DA:33,1
DA:34,1
DA:35,1
DA:36,1
DA:37,1
DA:38,1
DA:39,1
DA:40,1
DA:41,1
DA:42,1
DA:43,1
DA:44,10
DA:45,10
DA:46,10
DA:47,10
DA:48,10
DA:49,10
DA:50,10
DA:51,10
DA:52,10
DA:53,1
DA:54,1
DA:55,1
DA:56,1
DA:57,1
LF:57
LH:57
BRDA:18,0,0,1
BRDA:19,1,0,1
BRDA:24,2,0,1
BRDA:30,3,0,1
BRDA:38,4,0,10
BRDA:43,5,0,10
BRDA:52,6,0,8
BRDA:45,7,0,19
BRF:8
BRH:8
end_of_record
TN:
SF:src\modules\appointments\services\ListProviderMonthAvailability.ts
FN:13,ListProviderMonthAvailabilityService
FN:18,Object.<anonymous>.ListProviderMonthAvailabilityService.execute
FNF:2
FNH:2
FNDA:1,ListProviderMonthAvailabilityService
FNDA:1,Object.<anonymous>.ListProviderMonthAvailabilityService.execute
DA:1,1
DA:2,1
DA:3,1
DA:4,1
DA:5,1
DA:6,1
DA:7,1
DA:8,1
DA:9,1
DA:10,1
DA:11,1
DA:12,1
DA:13,1
DA:14,1
DA:15,1
DA:16,1
DA:17,1
DA:18,1
DA:19,1
DA:20,1
DA:21,1
DA:22,1
DA:23,1
DA:24,1
DA:25,1
DA:26,1
DA:27,1
DA:28,1
DA:29,1
DA:30,1
DA:31,1
DA:32,1
DA:33,1
DA:34,1
DA:35,1
DA:36,1
DA:37,31
DA:38,31
DA:39,31
DA:40,31
DA:41,31
DA:42,1
DA:43,1
DA:44,1
DA:45,1
DA:46,1
LF:46
LH:46
BRDA:12,0,0,1
BRDA:13,1,0,1
BRDA:18,2,0,1
BRDA:23,3,0,1
BRDA:33,4,0,31
BRDA:36,5,0,31
BRDA:38,6,0,341
BRF:7
BRH:7
end_of_record
TN:
SF:src\modules\appointments\services\ListProviders.ts
FN:7,ListProvidersService
FN:11,Object.<anonymous>.ListProvidersService.execute
FNF:2
FNH:2
FNDA:1,ListProvidersService
FNDA:1,Object.<anonymous>.ListProvidersService.execute
DA:1,1
DA:2,1
DA:3,1
DA:4,1
DA:5,1
DA:6,1
DA:7,1
DA:8,1
DA:9,1
DA:10,1
DA:11,1
DA:12,1
DA:13,1
DA:14,1
DA:15,1
DA:16,1
DA:17,1
DA:18,1
LF:18
LH:18
BRDA:6,0,0,1
BRDA:7,1,0,1
BRDA:11,2,0,1
BRDA:12,3,0,1
BRF:4
BRH:4
end_of_record
TN:
SF:src\modules\users\services\AuthenticateUser.ts
FN:21,AuthenticateUserService
FN:26,Object.<anonymous>.AuthenticateUserService.execute
FNF:2
FNH:2
FNDA:3,AuthenticateUserService
FNDA:3,Object.<anonymous>.AuthenticateUserService.execute
DA:1,1
DA:2,1
DA:3,1
DA:4,1
DA:5,1
DA:6,1
DA:7,1
DA:8,1
DA:9,1
DA:10,1
DA:11,1
DA:12,1
DA:13,1
DA:14,1
DA:15,1
DA:16,1
DA:17,1
DA:18,1
DA:19,1
DA:20,1
DA:21,1
DA:22,3
DA:23,3
DA:24,3
DA:25,1
DA:26,1
DA:27,3
DA:28,3
DA:29,3
DA:30,1
DA:31,1
DA:32,2
DA:33,2
DA:34,2
DA:35,2
DA:36,2
DA:37,3
DA:38,3
DA:39,1
DA:40,1
DA:41,1
DA:42,1
DA:43,1
DA:44,1
DA:45,1
DA:46,1
DA:47,1
DA:48,1
DA:49,1
DA:50,3
DA:51,1
LF:51
LH:51
BRDA:20,0,0,1
BRDA:21,1,0,3
BRDA:26,2,0,3
BRDA:27,3,0,3
BRDA:29,4,0,1
BRDA:32,5,0,2
BRDA:38,6,0,1
BRF:7
BRH:7
end_of_record
TN:
SF:src\modules\users\services\CreateUser.ts
FN:17,CreateUserService
FN:22,Object.<anonymous>.CreateUserService.execute
FNF:2
FNH:2
FNDA:5,CreateUserService
FNDA:5,Object.<anonymous>.CreateUserService.execute
DA:1,1
DA:2,1
DA:3,1
DA:4,1
DA:5,1
DA:6,1
DA:7,1
DA:8,1
DA:9,1
DA:10,1
DA:11,1
DA:12,1
DA:13,1
DA:14,1
DA:15,1
DA:16,2
DA:17,2
DA:18,5
DA:19,5
DA:20,5
DA:21,2
DA:22,2
DA:23,5
DA:24,5
DA:25,5
DA:26,1
DA:27,1
DA:28,4
DA:29,4
DA:30,5
DA:31,5
DA:32,5
DA:33,5
DA:34,5
DA:35,5
DA:36,5
DA:37,5
DA:38,5
DA:39,2
LF:39
LH:39
BRDA:16,0,0,2
BRDA:17,1,0,5
BRDA:22,2,0,5
BRDA:23,3,0,5
BRDA:25,4,0,1
BRDA:28,5,0,4
BRF:6
BRH:6
end_of_record
TN:
SF:src\modules\users\services\ResetPassword.ts
FN:15,ResetPasswordService
FN:22,Object.<anonymous>.ResetPasswordService.execute
FNF:2
FNH:2
FNDA:4,ResetPasswordService
FNDA:4,Object.<anonymous>.ResetPasswordService.execute
DA:1,1
DA:2,1
DA:3,1
DA:4,1
DA:5,1
DA:6,1
DA:7,1
DA:8,1
DA:9,1
DA:10,1
DA:11,1
DA:12,1
DA:13,1
DA:14,1
DA:15,1
DA:16,4
DA:17,4
DA:18,4
DA:19,4
DA:20,4
DA:21,1
DA:22,1
DA:23,4
DA:24,4
DA:25,4
DA:26,1
DA:27,1
DA:28,3
DA:29,3
DA:30,3
DA:31,3
DA:32,4
DA:33,1
DA:34,1
DA:35,2
DA:36,2
DA:37,2
DA:38,2
DA:39,4
DA:40,4
DA:41,1
DA:42,1
DA:43,1
DA:44,1
DA:45,4
DA:46,4
DA:47,4
DA:48,1
LF:48
LH:48
BRDA:14,0,0,1
BRDA:15,1,0,4
BRDA:22,2,0,4
BRDA:23,3,0,4
BRDA:25,4,0,1
BRDA:28,5,0,3
BRDA:32,6,0,1
BRDA:35,7,0,2
BRDA:40,8,0,1
BRF:9
BRH:9
end_of_record
TN:
SF:src\modules\users\services\SendForgotPasswordEmail.ts
FN:14,SendForgotPasswordEmailService
FN:21,Object.<anonymous>.SendForgotPasswordEmailService.execute
FNF:2
FNH:2
FNDA:3,SendForgotPasswordEmailService
FNDA:3,Object.<anonymous>.SendForgotPasswordEmailService.execute
DA:1,1
DA:2,1
DA:3,1
DA:4,1
DA:5,1
DA:6,1
DA:7,1
DA:8,1
DA:9,1
DA:10,1
DA:11,1
DA:12,1
DA:13,1
DA:14,1
DA:15,3
DA:16,3
DA:17,3
DA:18,3
DA:19,3
DA:20,1
DA:21,1
DA:22,3
DA:23,3
DA:24,3
DA:25,1
DA:26,1
DA:27,2
DA:28,2
DA:29,2
DA:30,2
DA:31,3
DA:32,3
DA:33,3
DA:34,3
DA:35,3
DA:36,3
DA:37,3
DA:38,3
DA:39,3
DA:40,3
DA:41,3
DA:42,3
DA:43,3
DA:44,3
DA:45,3
DA:46,3
DA:47,3
DA:48,3
DA:49,3
DA:50,3
DA:51,3
DA:52,3
DA:53,3
DA:54,1
LF:54
LH:54
BRDA:13,0,0,1
BRDA:14,1,0,3
BRDA:21,2,0,3
BRDA:22,3,0,3
BRDA:24,4,0,1
BRDA:27,5,0,2
BRF:6
BRH:6
end_of_record
TN:
SF:src\modules\users\services\ShowProfile.ts
FN:8,ShowProfileService
FN:12,Object.<anonymous>.ShowProfileService.execute
FNF:2
FNH:2
FNDA:2,ShowProfileService
FNDA:2,Object.<anonymous>.ShowProfileService.execute
DA:1,1
DA:2,1
DA:3,1
DA:4,1
DA:5,1
DA:6,1
DA:7,1
DA:8,1
DA:9,2
DA:10,2
DA:11,1
DA:12,1
DA:13,2
DA:14,2
DA:15,2
DA:16,1
DA:17,1
DA:18,1
DA:19,1
DA:20,2
DA:21,1
LF:21
LH:21
BRDA:7,0,0,1
BRDA:8,1,0,2
BRDA:12,2,0,2
BRDA:13,3,0,2
BRDA:15,4,0,1
BRF:5
BRH:5
end_of_record
TN:
SF:src\modules\users\services\UpdateProfile.ts
FN:17,UpdateProfileService
FN:22,Object.<anonymous>.UpdateProfileService.execute
FNF:2
FNH:2
FNDA:6,UpdateProfileService
FNDA:6,Object.<anonymous>.UpdateProfileService.execute
DA:1,1
DA:2,1
DA:3,1
DA:4,1
DA:5,1
DA:6,1
DA:7,1
DA:8,1
DA:9,1
DA:10,1
DA:11,1
DA:12,1
DA:13,1
DA:14,1
DA:15,1
DA:16,1
DA:17,1
DA:18,6
DA:19,6
DA:20,6
DA:21,1
DA:22,1
DA:23,6
DA:24,6
DA:25,6
DA:26,6
DA:27,6
DA:28,6
DA:29,6
DA:30,6
DA:31,6
DA:32,1
DA:33,1
DA:34,5
DA:35,5
DA:36,6
DA:37,6
DA:38,1
DA:39,1
DA:40,4
DA:41,4
DA:42,4
DA:43,4
DA:44,6
DA:45,2
DA:46,2
DA:47,2
DA:48,2
DA:49,6
DA:50,6
DA:51,1
DA:52,1
DA:53,1
DA:54,1
DA:55,6
DA:56,6
DA:57,6
DA:58,6
DA:59,6
DA:60,6
DA:61,6
DA:62,6
DA:63,1
LF:63
LH:63
BRDA:16,0,0,1
BRDA:17,1,0,6
BRDA:22,2,0,6
BRDA:29,3,0,6
BRDA:31,4,0,1
BRDA:34,5,0,5
BRDA:37,6,0,1
BRDA:37,7,0,1
BRDA:40,8,0,4
BRDA:44,9,0,3
BRDA:44,10,0,2
BRDA:50,11,0,1
BRDA:61,12,0,2
BRF:13
BRH:13
end_of_record
TN:
SF:src\modules\users\services\UpdateUserAvatar.ts
FN:14,UpdateUserAvatarService
FN:19,Object.<anonymous>.UpdateUserAvatarService.execute
FNF:2
FNH:2
FNDA:3,UpdateUserAvatarService
FNDA:4,Object.<anonymous>.UpdateUserAvatarService.execute
DA:1,1
DA:2,1
DA:3,1
DA:4,1
DA:5,1
DA:6,1
DA:7,1
DA:8,1
DA:9,1
DA:10,1
DA:11,1
DA:12,1
DA:13,1
DA:14,1
DA:15,3
DA:16,3
DA:17,3
DA:18,1
DA:19,1
DA:20,4
DA:21,4
DA:22,4
DA:23,1
DA:24,1
DA:25,1
DA:26,1
DA:27,1
DA:28,3
DA:29,3
DA:30,1
DA:31,4
DA:32,4
DA:33,4
DA:34,4
DA:35,4
DA:36,4
DA:37,4
DA:38,4
DA:39,4
DA:40,4
DA:41,1
LF:41
LH:41
BRDA:13,0,0,1
BRDA:14,1,0,3
BRDA:19,2,0,4
BRDA:20,3,0,4
BRDA:22,4,0,1
BRDA:28,5,0,3
BRDA:29,6,0,2
BRDA:29,7,0,1
BRDA:33,8,0,3
BRF:9
BRH:9
end_of_record
